<?xml version="1.0" encoding="UTF-8"?>
<!-- Generated by org.testng.reporters.JUnitReportReporter -->
<testsuite hostname="VoThiThaoNguyen" failures="0" tests="1" name="Nhiem.SanPham.CapNhapTest" time="0.010" errors="0" timestamp="2024-04-03T17:03:48 ICT" skipped="0">
  <testcase classname="Nhiem.SanPham.CapNhapTest" name="TC_CAPNHAT_02" time="0.010"/>
  <system-out/>
</testsuite> <!-- Nhiem.SanPham.CapNhapTest -->
