<?xml version="1.0" encoding="UTF-8"?>
<!-- Generated by org.testng.reporters.JUnitReportReporter -->
<testsuite hostname="DESKTOP-9I87QRH" failures="0" tests="4" name="Nguyen.Login.loginTest" time="0.943" errors="0" timestamp="2024-04-07T17:49:51 ICT" skipped="0">
  <testcase classname="Nguyen.Login.loginTest" name="TC_Login_01" time="0.362"/>
  <system-out/>
  <testcase classname="Nguyen.Login.loginTest" name="TC_Login_04" time="0.461"/>
  <system-out/>
  <testcase classname="Nguyen.Login.loginTest" name="TC_Login_02" time="0.054"/>
  <system-out/>
  <testcase classname="Nguyen.Login.loginTest" name="TC_Login_03" time="0.066"/>
  <system-out/>
</testsuite> <!-- Nguyen.Login.loginTest -->
