<?xml version="1.0" encoding="UTF-8"?>
<!-- Generated by org.testng.reporters.JUnitReportReporter -->
<testsuite hostname="DESKTOP-9I87QRH" failures="0" tests="8" name="Nhiem.SanPham.themCTSPTest" time="2.040" errors="0" timestamp="2024-04-07T13:59:27 ICT" skipped="0">
  <testcase classname="Nhiem.SanPham.themCTSPTest" name="TC_THEMCTSP_01" time="0.445"/>
  <system-out/>
  <testcase classname="Nhiem.SanPham.themCTSPTest" name="TC_THEMCTSP_07" time="0.391"/>
  <system-out/>
  <testcase classname="Nhiem.SanPham.themCTSPTest" name="TC_THEMCTSP_05" time="0.328"/>
  <system-out/>
  <testcase classname="Nhiem.SanPham.themCTSPTest" name="TC_THEMCTSP_02" time="0.235"/>
  <system-out/>
  <testcase classname="Nhiem.SanPham.themCTSPTest" name="TC_THEMCTSP_06" time="0.187"/>
  <system-out/>
  <testcase classname="Nhiem.SanPham.themCTSPTest" name="TC_THEMCTSP_04" time="0.136"/>
  <system-out/>
  <testcase classname="Nhiem.SanPham.themCTSPTest" name="TC_THEMCTSP_03" time="0.104"/>
  <system-out/>
  <testcase classname="Nhiem.SanPham.themCTSPTest" name="TC_THEMCTSP_08" time="0.214"/>
  <system-out/>
</testsuite> <!-- Nhiem.SanPham.themCTSPTest -->
