<?xml version="1.0" encoding="UTF-8"?>
<!-- Generated by org.testng.reporters.JUnitReportReporter -->
<testsuite hostname="DESKTOP-9I87QRH" failures="0" tests="6" name="Nhiem.ThuocTinh.capNhapKichThuocTest" time="0.279" errors="0" timestamp="2024-04-07T17:49:51 ICT" skipped="0">
  <testcase classname="Nhiem.ThuocTinh.capNhapKichThuocTest" name="TC_CNKT_03" time="0.055"/>
  <system-out/>
  <testcase classname="Nhiem.ThuocTinh.capNhapKichThuocTest" name="TC_CNKT_06" time="0.037"/>
  <system-out/>
  <testcase classname="Nhiem.ThuocTinh.capNhapKichThuocTest" name="TC_CNKT_02" time="0.042"/>
  <system-out/>
  <testcase classname="Nhiem.ThuocTinh.capNhapKichThuocTest" name="TC_CNKT_05" time="0.039"/>
  <system-out/>
  <testcase classname="Nhiem.ThuocTinh.capNhapKichThuocTest" name="TC_CNKT_01" time="0.070"/>
  <system-out/>
  <testcase classname="Nhiem.ThuocTinh.capNhapKichThuocTest" name="TC_CNKT_04" time="0.036"/>
  <system-out/>
</testsuite> <!-- Nhiem.ThuocTinh.capNhapKichThuocTest -->
