<?xml version="1.0" encoding="UTF-8"?>
<!-- Generated by org.testng.reporters.JUnitReportReporter -->
<testsuite hostname="DESKTOP-9I87QRH" failures="0" tests="3" name="Nhiem.SanPham.taoMaCTSPTest" time="0.010" errors="0" timestamp="2024-04-02T16:23:18 ICT" skipped="0">
  <testcase classname="Nhiem.SanPham.taoMaCTSPTest" name="test_TC_TAOCTSP_02" time="0.006"/>
  <system-out/>
  <testcase classname="Nhiem.SanPham.taoMaCTSPTest" name="test_TC_TAOCTSP_01" time="0.002"/>
  <system-out/>
  <testcase classname="Nhiem.SanPham.taoMaCTSPTest" name="test_TC_TAOCTSP_03" time="0.002"/>
  <system-out/>
</testsuite> <!-- Nhiem.SanPham.taoMaCTSPTest -->
