<?xml version="1.0" encoding="UTF-8"?>
<!-- Generated by org.testng.reporters.JUnitReportReporter -->
<testsuite hostname="DESKTOP-9I87QRH" failures="0" tests="1" name="Nhiem.SanPham.themTest" time="0.061" errors="0" timestamp="2024-04-05T12:47:45 ICT" skipped="0">
  <testcase classname="Nhiem.SanPham.themTest" name="TC_THEMSP_11" time="0.061"/>
  <system-out/>
</testsuite> <!-- Nhiem.SanPham.themTest -->
