<?xml version="1.0" encoding="UTF-8"?>
<!-- Generated by org.testng.reporters.JUnitReportReporter -->
<testsuite hostname="DESKTOP-9I87QRH" failures="0" tests="6" name="Nhiem.ThuocTinh.capNhapKichThuocTest" time="0.650" errors="0" timestamp="2024-04-06T17:57:54 ICT" skipped="0">
  <testcase classname="Nhiem.ThuocTinh.capNhapKichThuocTest" name="TC_CNKT_04" time="0.090"/>
  <system-out/>
  <testcase classname="Nhiem.ThuocTinh.capNhapKichThuocTest" name="TC_CNKT_05" time="0.081"/>
  <system-out/>
  <testcase classname="Nhiem.ThuocTinh.capNhapKichThuocTest" name="TC_CNKT_02" time="0.099"/>
  <system-out/>
  <testcase classname="Nhiem.ThuocTinh.capNhapKichThuocTest" name="TC_CNKT_01" time="0.157"/>
  <system-out/>
  <testcase classname="Nhiem.ThuocTinh.capNhapKichThuocTest" name="TC_CNKT_03" time="0.113"/>
  <system-out/>
  <testcase classname="Nhiem.ThuocTinh.capNhapKichThuocTest" name="TC_CNKT_06" time="0.110"/>
  <system-out/>
</testsuite> <!-- Nhiem.ThuocTinh.capNhapKichThuocTest -->
