<?xml version="1.0" encoding="UTF-8"?>
<!-- Generated by org.testng.reporters.JUnitReportReporter -->
<testsuite hostname="DESKTOP-9I87QRH" failures="0" tests="3" name="Nhiem.ThongKe.xuatDanhSachTest" time="6.444" errors="0" timestamp="2024-04-07T13:59:27 ICT" skipped="0">
  <testcase classname="Nhiem.ThongKe.xuatDanhSachTest" name="testXuLyKhiFileLaNull" time="1.681"/>
  <system-out/>
  <testcase classname="Nhiem.ThongKe.xuatDanhSachTest" name="testXuatDanhSachWithData" time="3.110"/>
  <system-out/>
  <testcase classname="Nhiem.ThongKe.xuatDanhSachTest" name="testXuatDanhSachWithEmptyData" time="1.653"/>
  <system-out/>
</testsuite> <!-- Nhiem.ThongKe.xuatDanhSachTest -->
