<?xml version="1.0" encoding="UTF-8"?>
<!-- Generated by org.testng.reporters.JUnitReportReporter -->
<testsuite hostname="DESKTOP-9I87QRH" failures="0" tests="6" name="Nhiem.ThuocTinh.capNhapKichThuocTest" time="0.510" errors="0" timestamp="2024-04-06T22:54:29 ICT" skipped="0">
  <testcase classname="Nhiem.ThuocTinh.capNhapKichThuocTest" name="TC_CNKT_01" time="0.248"/>
  <system-out/>
  <testcase classname="Nhiem.ThuocTinh.capNhapKichThuocTest" name="TC_CNKT_03" time="0.064"/>
  <system-out/>
  <testcase classname="Nhiem.ThuocTinh.capNhapKichThuocTest" name="TC_CNKT_04" time="0.071"/>
  <system-out/>
  <testcase classname="Nhiem.ThuocTinh.capNhapKichThuocTest" name="TC_CNKT_05" time="0.046"/>
  <system-out/>
  <testcase classname="Nhiem.ThuocTinh.capNhapKichThuocTest" name="TC_CNKT_06" time="0.052"/>
  <system-out/>
  <testcase classname="Nhiem.ThuocTinh.capNhapKichThuocTest" name="TC_CNKT_02" time="0.029"/>
  <system-out/>
</testsuite> <!-- Nhiem.ThuocTinh.capNhapKichThuocTest -->
