<?xml version="1.0" encoding="UTF-8"?>
<!-- Generated by org.testng.reporters.JUnitReportReporter -->
<testsuite hostname="DESKTOP-9I87QRH" failures="0" tests="3" name="Nhiem.SanPham.taoMaSPTest" time="0.008" errors="0" timestamp="2024-04-02T16:23:18 ICT" skipped="0">
  <testcase classname="Nhiem.SanPham.taoMaSPTest" name="TC_TAOMASP_01" time="0.002"/>
  <system-out/>
  <testcase classname="Nhiem.SanPham.taoMaSPTest" name="C_TAOMASP_03" time="0.003"/>
  <system-out/>
  <testcase classname="Nhiem.SanPham.taoMaSPTest" name="TC_TAOMASP_02" time="0.003"/>
  <system-out/>
</testsuite> <!-- Nhiem.SanPham.taoMaSPTest -->
