<?xml version="1.0" encoding="UTF-8"?>
<!-- Generated by org.testng.reporters.JUnitReportReporter -->
<testsuite hostname="DESKTOP-9I87QRH" failures="0" tests="3" name="Nhiem.SanPham.themTest" time="0.099" errors="0" timestamp="2024-04-02T16:23:18 ICT" skipped="0">
  <testcase classname="Nhiem.SanPham.themTest" name="TC_THEM_01" time="0.043"/>
  <system-out/>
  <testcase classname="Nhiem.SanPham.themTest" name="TC_THEM_02" time="0.036"/>
  <system-out/>
  <testcase classname="Nhiem.SanPham.themTest" name="TC_THEM_03" time="0.020"/>
  <system-out/>
</testsuite> <!-- Nhiem.SanPham.themTest -->
