<?xml version="1.0" encoding="UTF-8"?>
<!-- Generated by org.testng.reporters.JUnitReportReporter -->
<testsuite hostname="DESKTOP-9I87QRH" failures="0" tests="5" name="Nguyen.NhaCungCap.capNhatTest" time="0.107" errors="0" timestamp="2024-04-07T15:34:15 ICT" skipped="0">
  <testcase classname="Nguyen.NhaCungCap.capNhatTest" name="TC_CAPNHAT_04" time="0.038"/>
  <system-out/>
  <testcase classname="Nguyen.NhaCungCap.capNhatTest" name="TC_CAPNHAT_05" time="0.024"/>
  <system-out/>
  <testcase classname="Nguyen.NhaCungCap.capNhatTest" name="TC_CAPNHAT_01" time="0.014"/>
  <system-out/>
  <testcase classname="Nguyen.NhaCungCap.capNhatTest" name="TC_CAPNHAT_02" time="0.016"/>
  <system-out/>
  <testcase classname="Nguyen.NhaCungCap.capNhatTest" name="TC_CAPNHAT_03" time="0.015"/>
  <system-out/>
</testsuite> <!-- Nguyen.NhaCungCap.capNhatTest -->
