<?xml version="1.0" encoding="UTF-8"?>
<!-- Generated by org.testng.reporters.JUnitReportReporter -->
<testsuite hostname="DESKTOP-9I87QRH" failures="0" tests="1" name="Nhiem.SanPham.themTest" time="0.071" errors="0" timestamp="2024-04-06T08:26:25 ICT" skipped="0">
  <testcase classname="Nhiem.SanPham.themTest" name="TC_THEMSP_01" time="0.071"/>
  <system-out/>
</testsuite> <!-- Nhiem.SanPham.themTest -->
