<?xml version="1.0" encoding="UTF-8"?>
<!-- Generated by org.testng.reporters.JUnitReportReporter -->
<testsuite hostname="DESKTOP-9I87QRH" failures="0" tests="11" name="Nhiem.SanPham.taoMaSPTest" time="0.039" errors="0" timestamp="2024-04-06T08:15:43 ICT" skipped="0">
  <testcase classname="Nhiem.SanPham.taoMaSPTest" name="TC_TAOMASP_10" time="0.001"/>
  <system-out/>
  <testcase classname="Nhiem.SanPham.taoMaSPTest" name="TC_TAOMASP_04" time="0.003"/>
  <system-out/>
  <testcase classname="Nhiem.SanPham.taoMaSPTest" name="TC_TAOMASP_05" time="0.002"/>
  <system-out/>
  <testcase classname="Nhiem.SanPham.taoMaSPTest" name="TC_TAOMASP_07" time="0.005"/>
  <system-out/>
  <testcase classname="Nhiem.SanPham.taoMaSPTest" name="TC_TAOMASP_01" time="0.011"/>
  <system-out/>
  <testcase classname="Nhiem.SanPham.taoMaSPTest" name="TC_TAOMASP_08" time="0.003"/>
  <system-out/>
  <testcase classname="Nhiem.SanPham.taoMaSPTest" name="TC_TAOMASP_09" time="0.002"/>
  <system-out/>
  <testcase classname="Nhiem.SanPham.taoMaSPTest" name="TC_TAOMASP_11" time="0.003"/>
  <system-out/>
  <testcase classname="Nhiem.SanPham.taoMaSPTest" name="TC_TAOMASP_02" time="0.004"/>
  <system-out/>
  <testcase classname="Nhiem.SanPham.taoMaSPTest" name="TC_TAOMASP_06" time="0.002"/>
  <system-out/>
  <testcase classname="Nhiem.SanPham.taoMaSPTest" name="TC_TAOMASP_03" time="0.003"/>
  <system-out/>
</testsuite> <!-- Nhiem.SanPham.taoMaSPTest -->
