<?xml version="1.0" encoding="UTF-8"?>
<!-- Generated by org.testng.reporters.JUnitReportReporter -->
<testsuite hostname="DESKTOP-9I87QRH" failures="0" tests="11" name="Nhiem.ThuocTinh.taoMaKTTest" time="0.017" errors="1" timestamp="2024-04-06T22:54:29 ICT" skipped="0">
  <testcase classname="Nhiem.ThuocTinh.taoMaKTTest" name="TC_TAO_MAKT_06" time="0.001"/>
  <system-out/>
  <testcase classname="Nhiem.ThuocTinh.taoMaKTTest" name="TC_TAO_MAKT_08" time="0.001"/>
  <system-out/>
  <testcase classname="Nhiem.ThuocTinh.taoMaKTTest" name="TC_TAO_MAKT_11" time="0.009"/>
  <system-out/>
  <testcase classname="Nhiem.ThuocTinh.taoMaKTTest" name="TC_TAO_MAKT_03" time="0.000"/>
  <system-out/>
  <testcase classname="Nhiem.ThuocTinh.taoMaKTTest" name="TC_TAO_MAKT_04" time="0.000">
    <error message="For input string: &quot;&quot;" type="java.lang.NumberFormatException">
      <![CDATA[java.lang.NumberFormatException: For input string: ""
at java.base/java.lang.NumberFormatException.forInputString(NumberFormatException.java:67)
at java.base/java.lang.Integer.parseInt(Integer.java:675)
at java.base/java.lang.Integer.parseInt(Integer.java:781)
at view.ThuocTinh.taoMaKT_Test(ThuocTinh.java:176)
at Nhiem.ThuocTinh.taoMaKTTest.TC_TAO_MAKT_04(taoMaKTTest.java:47)
at java.base/jdk.internal.reflect.DirectMethodHandleAccessor.invoke(DirectMethodHandleAccessor.java:104)
at java.base/java.lang.reflect.Method.invoke(Method.java:578)
at org.testng.internal.MethodInvocationHelper.invokeMethod(MethodInvocationHelper.java:133)
at org.testng.internal.TestInvoker.invokeMethod(TestInvoker.java:598)
at org.testng.internal.TestInvoker.invokeTestMethod(TestInvoker.java:173)
at org.testng.internal.MethodRunner.runInSequence(MethodRunner.java:46)
at org.testng.internal.TestInvoker$MethodInvocationAgent.invoke(TestInvoker.java:824)
at org.testng.internal.TestInvoker.invokeTestMethods(TestInvoker.java:146)
at org.testng.internal.TestMethodWorker.invokeTestMethods(TestMethodWorker.java:146)
at org.testng.internal.TestMethodWorker.run(TestMethodWorker.java:128)
at java.base/java.util.ArrayList.forEach(ArrayList.java:1511)
at org.testng.TestRunner.privateRun(TestRunner.java:794)
at org.testng.TestRunner.run(TestRunner.java:596)
at org.testng.SuiteRunner.runTest(SuiteRunner.java:377)
at org.testng.SuiteRunner.runSequentially(SuiteRunner.java:371)
at org.testng.SuiteRunner.privateRun(SuiteRunner.java:332)
at org.testng.SuiteRunner.run(SuiteRunner.java:276)
at org.testng.SuiteRunnerWorker.runSuite(SuiteRunnerWorker.java:53)
at org.testng.SuiteRunnerWorker.run(SuiteRunnerWorker.java:96)
at org.testng.TestNG.runSuitesSequentially(TestNG.java:1212)
at org.testng.TestNG.runSuitesLocally(TestNG.java:1134)
at org.testng.TestNG.runSuites(TestNG.java:1063)
at org.testng.TestNG.run(TestNG.java:1031)
at org.testng.remote.AbstractRemoteTestNG.run(AbstractRemoteTestNG.java:115)
at org.testng.remote.RemoteTestNG.initAndRun(RemoteTestNG.java:251)
at org.testng.remote.RemoteTestNG.main(RemoteTestNG.java:77)
]]>
    </error>
  </testcase> <!-- TC_TAO_MAKT_04 -->
  <system-out/>
  <testcase classname="Nhiem.ThuocTinh.taoMaKTTest" name="TC_TAO_MAKT_10" time="0.001"/>
  <system-out/>
  <testcase classname="Nhiem.ThuocTinh.taoMaKTTest" name="TC_TAO_MAKT_05" time="0.001"/>
  <system-out/>
  <testcase classname="Nhiem.ThuocTinh.taoMaKTTest" name="TC_TAO_MAKT_01" time="0.001"/>
  <system-out/>
  <testcase classname="Nhiem.ThuocTinh.taoMaKTTest" name="TC_TAO_MAKT_07" time="0.001"/>
  <system-out/>
  <testcase classname="Nhiem.ThuocTinh.taoMaKTTest" name="TC_TAO_MAKT_09" time="0.001"/>
  <system-out/>
  <testcase classname="Nhiem.ThuocTinh.taoMaKTTest" name="TC_TAO_MAKT_02" time="0.001"/>
  <system-out/>
</testsuite> <!-- Nhiem.ThuocTinh.taoMaKTTest -->
