<?xml version="1.0" encoding="UTF-8"?>
<!-- Generated by org.testng.reporters.JUnitReportReporter -->
<testsuite hostname="DESKTOP-9I87QRH" failures="0" tests="9" name="Nguyen.LoaiGiay.taoMaLGTest" time="24.799" errors="0" timestamp="2024-04-07T15:34:15 ICT" skipped="0">
  <testcase classname="Nguyen.LoaiGiay.taoMaLGTest" name="TC_TAO_MA_LG_09" time="0.001"/>
  <system-out/>
  <testcase classname="Nguyen.LoaiGiay.taoMaLGTest" name="TC_TAO_MA_LG_08" time="24.769"/>
  <system-out/>
  <testcase classname="Nguyen.LoaiGiay.taoMaLGTest" name="TC_TAO_MA_LG_02" time="0.003"/>
  <system-out/>
  <testcase classname="Nguyen.LoaiGiay.taoMaLGTest" name="TC_TAO_MA_LG_03" time="0.002"/>
  <system-out/>
  <testcase classname="Nguyen.LoaiGiay.taoMaLGTest" name="TC_TAO_MA_LG_05" time="0.002"/>
  <system-out/>
  <testcase classname="Nguyen.LoaiGiay.taoMaLGTest" name="TC_TAO_MA_LG_06" time="0.002"/>
  <system-out/>
  <testcase classname="Nguyen.LoaiGiay.taoMaLGTest" name="TC_TAO_MA_LG_04" time="0.003"/>
  <system-out/>
  <testcase classname="Nguyen.LoaiGiay.taoMaLGTest" name="TC_TAO_MA_LG_01" time="0.015"/>
  <system-out/>
  <testcase classname="Nguyen.LoaiGiay.taoMaLGTest" name="TC_TAO_MA_LG_07" time="0.002"/>
  <system-out/>
</testsuite> <!-- Nguyen.LoaiGiay.taoMaLGTest -->
