<?xml version="1.0" encoding="UTF-8"?>
<!-- Generated by org.testng.reporters.JUnitReportReporter -->
<testsuite hostname="DESKTOP-9I87QRH" failures="0" tests="9" name="Nhiem.SanPham.taoMaCTSPTest" time="0.217" errors="0" timestamp="2024-04-08T16:45:39 ICT" skipped="0">
  <testcase classname="Nhiem.SanPham.taoMaCTSPTest" name="TC_TAOMACTSP_05" time="0.038"/>
  <system-out/>
  <testcase classname="Nhiem.SanPham.taoMaCTSPTest" name="TC_TAOMACTSP_07" time="0.033"/>
  <system-out/>
  <testcase classname="Nhiem.SanPham.taoMaCTSPTest" name="TC_TAOMACTSP_04" time="0.002"/>
  <system-out/>
  <testcase classname="Nhiem.SanPham.taoMaCTSPTest" name="TC_TAOMACTSP_09" time="0.031"/>
  <system-out/>
  <testcase classname="Nhiem.SanPham.taoMaCTSPTest" name="TC_TAOMACTSP_03" time="0.043"/>
  <system-out/>
  <testcase classname="Nhiem.SanPham.taoMaCTSPTest" name="TC_TAOMACTSP_08" time="0.035"/>
  <system-out/>
  <testcase classname="Nhiem.SanPham.taoMaCTSPTest" name="TC_TAOMACTSP_06" time="0.032"/>
  <system-out/>
  <testcase classname="Nhiem.SanPham.taoMaCTSPTest" name="TC_TAOMACTSP_02" time="0.001"/>
  <system-out/>
  <testcase classname="Nhiem.SanPham.taoMaCTSPTest" name="TC_TAOMACTSP_01" time="0.002"/>
  <system-out/>
</testsuite> <!-- Nhiem.SanPham.taoMaCTSPTest -->
