<?xml version="1.0" encoding="UTF-8"?>
<!-- Generated by org.testng.reporters.JUnitReportReporter -->
<testsuite hostname="DESKTOP-9I87QRH" failures="0" tests="11" name="Nhu.KhuyenMai.taoMaKMTest" time="0.031" errors="0" timestamp="2024-04-07T15:00:14 ICT" skipped="0">
  <testcase classname="Nhu.KhuyenMai.taoMaKMTest" name="TC_TAOMAKM_11" time="0.005"/>
  <system-out/>
  <testcase classname="Nhu.KhuyenMai.taoMaKMTest" name="TC_TAOMAKM_01" time="0.001"/>
  <system-out/>
  <testcase classname="Nhu.KhuyenMai.taoMaKMTest" name="TC_TAOMAKM_08" time="0.005"/>
  <system-out/>
  <testcase classname="Nhu.KhuyenMai.taoMaKMTest" name="TC_TAOMAKM_07" time="0.008"/>
  <system-out/>
  <testcase classname="Nhu.KhuyenMai.taoMaKMTest" name="TC_TAOMAKM_09" time="0.002"/>
  <system-out/>
  <testcase classname="Nhu.KhuyenMai.taoMaKMTest" name="TC_TAOMAKM_04" time="0.002"/>
  <system-out/>
  <testcase classname="Nhu.KhuyenMai.taoMaKMTest" name="TC_TAOMAKM_03" time="0.002"/>
  <system-out/>
  <testcase classname="Nhu.KhuyenMai.taoMaKMTest" name="TC_TAOMAKM_10" time="0.003"/>
  <system-out/>
  <testcase classname="Nhu.KhuyenMai.taoMaKMTest" name="TC_TAOMAKM_06" time="0.001"/>
  <system-out/>
  <testcase classname="Nhu.KhuyenMai.taoMaKMTest" name="TC_TAOMAKM_05" time="0.001"/>
  <system-out/>
  <testcase classname="Nhu.KhuyenMai.taoMaKMTest" name="TC_TAOMAKM_02" time="0.001"/>
  <system-out/>
</testsuite> <!-- Nhu.KhuyenMai.taoMaKMTest -->
