<?xml version="1.0" encoding="UTF-8"?>
<!-- Generated by org.testng.reporters.JUnitReportReporter -->
<testsuite hostname="DESKTOP-9I87QRH" failures="0" tests="8" name="Nguyen.NhapHang.taoMaCTNHTest" time="0.007" errors="0" timestamp="2024-04-07T15:34:15 ICT" skipped="0">
  <testcase classname="Nguyen.NhapHang.taoMaCTNHTest" name="TC_TAO_MA_CTNH_05" time="0.001"/>
  <system-out/>
  <testcase classname="Nguyen.NhapHang.taoMaCTNHTest" name="TC_TAO_MA_CTNH_03" time="0.000"/>
  <system-out/>
  <testcase classname="Nguyen.NhapHang.taoMaCTNHTest" name="TC_TAO_MA_CTNH_07" time="0.001"/>
  <system-out/>
  <testcase classname="Nguyen.NhapHang.taoMaCTNHTest" name="TC_TAO_MA_CTNH_01" time="0.001"/>
  <system-out/>
  <testcase classname="Nguyen.NhapHang.taoMaCTNHTest" name="TC_TAO_MA_CTNH_06" time="0.001"/>
  <system-out/>
  <testcase classname="Nguyen.NhapHang.taoMaCTNHTest" name="TC_TAO_MA_CTNH_02" time="0.001"/>
  <system-out/>
  <testcase classname="Nguyen.NhapHang.taoMaCTNHTest" name="TC_TAO_MA_CTNH_04" time="0.001"/>
  <system-out/>
  <testcase classname="Nguyen.NhapHang.taoMaCTNHTest" name="TC_TAO_MA_CTNH_08" time="0.001"/>
  <system-out/>
</testsuite> <!-- Nguyen.NhapHang.taoMaCTNHTest -->
