<?xml version="1.0" encoding="UTF-8"?>
<!-- Generated by org.testng.reporters.JUnitReportReporter -->
<testsuite hostname="DESKTOP-9I87QRH" failures="0" tests="4" name="Nguyen.Login.loginTest" time="0.837" errors="0" timestamp="2024-04-07T15:34:15 ICT" skipped="0">
  <testcase classname="Nguyen.Login.loginTest" name="TC_Login_01" time="0.403"/>
  <system-out/>
  <testcase classname="Nguyen.Login.loginTest" name="TC_Login_04" time="0.352"/>
  <system-out/>
  <testcase classname="Nguyen.Login.loginTest" name="TC_Login_03" time="0.040"/>
  <system-out/>
  <testcase classname="Nguyen.Login.loginTest" name="TC_Login_02" time="0.042"/>
  <system-out/>
</testsuite> <!-- Nguyen.Login.loginTest -->
