<?xml version="1.0" encoding="UTF-8"?>
<!-- Generated by org.testng.reporters.JUnitReportReporter -->
<testsuite hostname="DESKTOP-9I87QRH" failures="0" tests="3" name="Nhiem.ThongKe.xuatDanhSachTest" time="5.034" errors="0" timestamp="2024-04-06T20:58:31 ICT" skipped="0">
  <testcase classname="Nhiem.ThongKe.xuatDanhSachTest" name="testXuatDanhSach" time="3.124"/>
  <system-out/>
  <testcase classname="Nhiem.ThongKe.xuatDanhSachTest" name="testXuatDanhSachWithNullFile" time="0.082"/>
  <system-out/>
  <testcase classname="Nhiem.ThongKe.xuatDanhSachTest" name="testXuatDanhSachWithEmptyTable" time="1.828"/>
  <system-out/>
</testsuite> <!-- Nhiem.ThongKe.xuatDanhSachTest -->
