<?xml version="1.0" encoding="UTF-8"?>
<!-- Generated by org.testng.reporters.JUnitReportReporter -->
<testsuite hostname="DESKTOP-9I87QRH" failures="0" tests="4" name="Nhiem.ThuocTinh.xoaKichThuocTest" time="0.210" errors="0" timestamp="2024-04-06T18:43:53 ICT" skipped="0">
  <testcase classname="Nhiem.ThuocTinh.xoaKichThuocTest" name="TC_XKT_03" time="0.002"/>
  <system-out/>
  <testcase classname="Nhiem.ThuocTinh.xoaKichThuocTest" name="TC_XKT_01" time="0.145"/>
  <system-out/>
  <testcase classname="Nhiem.ThuocTinh.xoaKichThuocTest" name="TC_XKT_04" time="0.054"/>
  <system-out/>
  <testcase classname="Nhiem.ThuocTinh.xoaKichThuocTest" name="TC_XKT_02" time="0.009"/>
  <system-out/>
</testsuite> <!-- Nhiem.ThuocTinh.xoaKichThuocTest -->
