<?xml version="1.0" encoding="UTF-8"?>
<!-- Generated by org.testng.reporters.JUnitReportReporter -->
<testsuite hostname="VoThiThaoNguyen" failures="0" tests="7" name="Nguyen.NhanVien.taoMaNVTest" time="0.017" errors="0" timestamp="2024-04-05T19:47:50 ICT" skipped="0">
  <testcase classname="Nguyen.NhanVien.taoMaNVTest" name="TC_TAO_MA_NV_01" time="0.008"/>
  <system-out/>
  <testcase classname="Nguyen.NhanVien.taoMaNVTest" name="TC_TAO_MA_NV_03" time="0.001"/>
  <system-out/>
  <testcase classname="Nguyen.NhanVien.taoMaNVTest" name="TC_TAO_MA_NV_07" time="0.001"/>
  <system-out/>
  <testcase classname="Nguyen.NhanVien.taoMaNVTest" name="TC_TAO_MA_NV_04" time="0.001"/>
  <system-out/>
  <testcase classname="Nguyen.NhanVien.taoMaNVTest" name="TC_TAO_MA_NV_06" time="0.003"/>
  <system-out/>
  <testcase classname="Nguyen.NhanVien.taoMaNVTest" name="TC_TAO_MA_NV_05" time="0.001"/>
  <system-out/>
  <testcase classname="Nguyen.NhanVien.taoMaNVTest" name="TC_TAO_MA_NV_02" time="0.002"/>
  <system-out/>
</testsuite> <!-- Nguyen.NhanVien.taoMaNVTest -->
