<?xml version="1.0" encoding="UTF-8"?>
<!-- Generated by org.testng.reporters.JUnitReportReporter -->
<testsuite hostname="DESKTOP-9I87QRH" failures="0" tests="2" name="Nguyen.LoaiGiay.themTest" time="0.049" errors="0" timestamp="2024-04-07T15:34:15 ICT" skipped="0">
  <testcase classname="Nguyen.LoaiGiay.themTest" name="TC_THEM_LOAI_GIAY_01" time="0.013"/>
  <system-out/>
  <testcase classname="Nguyen.LoaiGiay.themTest" name="TC_THEM_LOAI_GIAY_02" time="0.036"/>
  <system-out/>
</testsuite> <!-- Nguyen.LoaiGiay.themTest -->
