<?xml version="1.0" encoding="UTF-8"?>
<!-- Generated by org.testng.reporters.JUnitReportReporter -->
<testsuite hostname="DESKTOP-9I87QRH" failures="0" tests="4" name="Nhiem.ThuocTinh.xoaMauSacTest" time="0.083" errors="0" timestamp="2024-04-07T17:49:51 ICT" skipped="0">
  <testcase classname="Nhiem.ThuocTinh.xoaMauSacTest" name="TC_XMS_01" time="0.061"/>
  <system-out/>
  <testcase classname="Nhiem.ThuocTinh.xoaMauSacTest" name="TC_XMS_02" time="0.001"/>
  <system-out/>
  <testcase classname="Nhiem.ThuocTinh.xoaMauSacTest" name="TC_XMS_04" time="0.020"/>
  <system-out/>
  <testcase classname="Nhiem.ThuocTinh.xoaMauSacTest" name="TC_XMS_03" time="0.001"/>
  <system-out/>
</testsuite> <!-- Nhiem.ThuocTinh.xoaMauSacTest -->
