<?xml version="1.0" encoding="UTF-8"?>
<!-- Generated by org.testng.reporters.JUnitReportReporter -->
<testsuite hostname="VoThiThaoNguyen" failures="0" tests="4" name="Nguyen.Login.loginTest" time="1.268" errors="0" timestamp="2024-04-03T18:17:50 ICT" skipped="0">
  <testcase classname="Nguyen.Login.loginTest" name="TC_Login_02" time="0.085"/>
  <system-out/>
  <testcase classname="Nguyen.Login.loginTest" name="TC_Login_03" time="0.072"/>
  <system-out/>
  <testcase classname="Nguyen.Login.loginTest" name="TC_Login_01" time="0.745"/>
  <system-out/>
  <testcase classname="Nguyen.Login.loginTest" name="TC_Login_04" time="0.366"/>
  <system-out/>
</testsuite> <!-- Nguyen.Login.loginTest -->
