<?xml version="1.0" encoding="UTF-8"?>
<!-- Generated by org.testng.reporters.JUnitReportReporter -->
<testsuite hostname="DESKTOP-9I87QRH" failures="0" tests="8" name="Nhiem.SanPham.themCTSPTest" time="0.667" errors="0" timestamp="2024-04-06T22:54:29 ICT" skipped="0">
  <testcase classname="Nhiem.SanPham.themCTSPTest" name="TC_THEMCTSP_07" time="0.106"/>
  <system-out/>
  <testcase classname="Nhiem.SanPham.themCTSPTest" name="TC_THEMCTSP_04" time="0.076"/>
  <system-out/>
  <testcase classname="Nhiem.SanPham.themCTSPTest" name="TC_THEMCTSP_02" time="0.080"/>
  <system-out/>
  <testcase classname="Nhiem.SanPham.themCTSPTest" name="TC_THEMCTSP_01" time="0.105"/>
  <system-out/>
  <testcase classname="Nhiem.SanPham.themCTSPTest" name="TC_THEMCTSP_05" time="0.073"/>
  <system-out/>
  <testcase classname="Nhiem.SanPham.themCTSPTest" name="TC_THEMCTSP_03" time="0.043"/>
  <system-out/>
  <testcase classname="Nhiem.SanPham.themCTSPTest" name="TC_THEMCTSP_06" time="0.080"/>
  <system-out/>
  <testcase classname="Nhiem.SanPham.themCTSPTest" name="TC_THEMCTSP_08" time="0.104"/>
  <system-out/>
</testsuite> <!-- Nhiem.SanPham.themCTSPTest -->
