<?xml version="1.0" encoding="UTF-8"?>
<!-- Generated by org.testng.reporters.JUnitReportReporter -->
<testsuite hostname="DESKTOP-9I87QRH" failures="0" tests="9" name="Nhiem.SanPham.taoMaCTSPTest" time="0.267" errors="0" timestamp="2024-04-07T13:59:27 ICT" skipped="0">
  <testcase classname="Nhiem.SanPham.taoMaCTSPTest" name="TC_TAOMACTSP_02" time="0.001"/>
  <system-out/>
  <testcase classname="Nhiem.SanPham.taoMaCTSPTest" name="TC_TAOMACTSP_04" time="0.001"/>
  <system-out/>
  <testcase classname="Nhiem.SanPham.taoMaCTSPTest" name="TC_TAOMACTSP_05" time="0.030"/>
  <system-out/>
  <testcase classname="Nhiem.SanPham.taoMaCTSPTest" name="TC_TAOMACTSP_01" time="0.001"/>
  <system-out/>
  <testcase classname="Nhiem.SanPham.taoMaCTSPTest" name="TC_TAOMACTSP_03" time="0.033"/>
  <system-out/>
  <testcase classname="Nhiem.SanPham.taoMaCTSPTest" name="TC_TAOMACTSP_06" time="0.029"/>
  <system-out/>
  <testcase classname="Nhiem.SanPham.taoMaCTSPTest" name="TC_TAOMACTSP_07" time="0.026"/>
  <system-out/>
  <testcase classname="Nhiem.SanPham.taoMaCTSPTest" name="TC_TAOMACTSP_09" time="0.093"/>
  <system-out/>
  <testcase classname="Nhiem.SanPham.taoMaCTSPTest" name="TC_TAOMACTSP_08" time="0.053"/>
  <system-out/>
</testsuite> <!-- Nhiem.SanPham.taoMaCTSPTest -->
