<?xml version="1.0" encoding="UTF-8"?>
<!-- Generated by org.testng.reporters.JUnitReportReporter -->
<testsuite hostname="DESKTOP-9I87QRH" failures="0" tests="11" name="Nhu.KhachHang.TaoMaKHTest" time="0.020" errors="0" timestamp="2024-04-07T17:49:51 ICT" skipped="0">
  <testcase classname="Nhu.KhachHang.TaoMaKHTest" name="TC_TAOMAKH_01" time="0.002"/>
  <system-out/>
  <testcase classname="Nhu.KhachHang.TaoMaKHTest" name="TC_TAOMAKH_10" time="0.001"/>
  <system-out/>
  <testcase classname="Nhu.KhachHang.TaoMaKHTest" name="TC_TAOMAKH_03" time="0.003"/>
  <system-out/>
  <testcase classname="Nhu.KhachHang.TaoMaKHTest" name="TC_TAOMAKH_08" time="0.001"/>
  <system-out/>
  <testcase classname="Nhu.KhachHang.TaoMaKHTest" name="TC_TAOMAKH_04" time="0.001"/>
  <system-out/>
  <testcase classname="Nhu.KhachHang.TaoMaKHTest" name="TC_TAOMAKH_06" time="0.001"/>
  <system-out/>
  <testcase classname="Nhu.KhachHang.TaoMaKHTest" name="TC_TAOMAKH_05" time="0.002"/>
  <system-out/>
  <testcase classname="Nhu.KhachHang.TaoMaKHTest" name="TC_TAOMAKH_07" time="0.005"/>
  <system-out/>
  <testcase classname="Nhu.KhachHang.TaoMaKHTest" name="TC_TAOMAKH_09" time="0.002"/>
  <system-out/>
  <testcase classname="Nhu.KhachHang.TaoMaKHTest" name="TC_TAOMAKH_11" time="0.001"/>
  <system-out/>
  <testcase classname="Nhu.KhachHang.TaoMaKHTest" name="TC_TAOMAKH_02" time="0.001"/>
  <system-out/>
</testsuite> <!-- Nhu.KhachHang.TaoMaKHTest -->
