<?xml version="1.0" encoding="UTF-8"?>
<!-- Generated by org.testng.reporters.JUnitReportReporter -->
<testsuite hostname="DESKTOP-9I87QRH" failures="0" tests="8" name="Nguyen.NhanVien.updateTest" time="0.484" errors="0" timestamp="2024-04-07T15:34:15 ICT" skipped="0">
  <testcase classname="Nguyen.NhanVien.updateTest" name="TC_UPDATE_03" time="0.013"/>
  <system-out/>
  <testcase classname="Nguyen.NhanVien.updateTest" name="TC_UPDATE_05" time="0.013"/>
  <system-out/>
  <testcase classname="Nguyen.NhanVien.updateTest" name="TC_UPDATE_06" time="0.015"/>
  <system-out/>
  <testcase classname="Nguyen.NhanVien.updateTest" name="TC_UPDATE_04" time="0.014"/>
  <system-out/>
  <testcase classname="Nguyen.NhanVien.updateTest" name="TC_UPDATE_02" time="0.014"/>
  <system-out/>
  <testcase classname="Nguyen.NhanVien.updateTest" name="TC_UPDATE_08" time="0.016"/>
  <system-out/>
  <testcase classname="Nguyen.NhanVien.updateTest" name="TC_UPDATE_01" time="0.380"/>
  <system-out/>
  <testcase classname="Nguyen.NhanVien.updateTest" name="TC_UPDATE_07" time="0.019"/>
  <system-out/>
</testsuite> <!-- Nguyen.NhanVien.updateTest -->
