<?xml version="1.0" encoding="UTF-8"?>
<!-- Generated by org.testng.reporters.JUnitReportReporter -->
<testsuite hostname="VoThiThaoNguyen" failures="0" tests="3" name="Nhiem.SanPham.taoMaSPTest" time="0.003" errors="0" timestamp="2024-04-03T16:56:39 ICT" skipped="0">
  <testcase classname="Nhiem.SanPham.taoMaSPTest" name="TC_TAOMASP_02" time="0.001"/>
  <system-out/>
  <testcase classname="Nhiem.SanPham.taoMaSPTest" name="C_TAOMASP_03" time="0.002"/>
  <system-out/>
  <testcase classname="Nhiem.SanPham.taoMaSPTest" name="TC_TAOMASP_01" time="0.000"/>
  <system-out/>
</testsuite> <!-- Nhiem.SanPham.taoMaSPTest -->
