<?xml version="1.0" encoding="UTF-8"?>
<!-- Generated by org.testng.reporters.JUnitReportReporter -->
<testsuite hostname="DESKTOP-9I87QRH" failures="0" tests="5" name="Nguyen.NhaCungCap.capNhatTest" time="0.121" errors="0" timestamp="2024-04-07T17:49:51 ICT" skipped="0">
  <testcase classname="Nguyen.NhaCungCap.capNhatTest" name="TC_CAPNHAT_04" time="0.042"/>
  <system-out/>
  <testcase classname="Nguyen.NhaCungCap.capNhatTest" name="TC_CAPNHAT_03" time="0.016"/>
  <system-out/>
  <testcase classname="Nguyen.NhaCungCap.capNhatTest" name="TC_CAPNHAT_01" time="0.028"/>
  <system-out/>
  <testcase classname="Nguyen.NhaCungCap.capNhatTest" name="TC_CAPNHAT_02" time="0.022"/>
  <system-out/>
  <testcase classname="Nguyen.NhaCungCap.capNhatTest" name="TC_CAPNHAT_05" time="0.013"/>
  <system-out/>
</testsuite> <!-- Nguyen.NhaCungCap.capNhatTest -->
