<?xml version="1.0" encoding="UTF-8"?>
<!-- Generated by org.testng.reporters.JUnitReportReporter -->
<testsuite hostname="DESKTOP-9I87QRH" failures="0" tests="9" name="Nhu.DoiMatKhau.DoiMatKhauTest" time="1.607" errors="1" timestamp="2024-04-07T15:00:14 ICT" skipped="0">
  <testcase classname="Nhu.DoiMatKhau.DoiMatKhauTest" name="TC_08" time="0.712"/>
  <system-out/>
  <testcase classname="Nhu.DoiMatKhau.DoiMatKhauTest" name="TC_07" time="0.346"/>
  <system-out/>
  <testcase classname="Nhu.DoiMatKhau.DoiMatKhauTest" name="TC_03" time="0.026"/>
  <system-out/>
  <testcase classname="Nhu.DoiMatKhau.DoiMatKhauTest" name="TC_05" time="0.021"/>
  <system-out/>
  <testcase classname="Nhu.DoiMatKhau.DoiMatKhauTest" name="TC_09" time="0.017">
    <error message="Cannot invoke &quot;String.isEmpty()&quot; because &quot;username&quot; is null" type="java.lang.NullPointerException">
      <![CDATA[java.lang.NullPointerException: Cannot invoke "String.isEmpty()" because "username" is null
at view.DoiMatKhau.doiMatKhau_Test(DoiMatKhau.java:59)
at Nhu.DoiMatKhau.DoiMatKhauTest.TC_09(DoiMatKhauTest.java:62)
at java.base/jdk.internal.reflect.DirectMethodHandleAccessor.invoke(DirectMethodHandleAccessor.java:104)
at java.base/java.lang.reflect.Method.invoke(Method.java:578)
at org.testng.internal.MethodInvocationHelper.invokeMethod(MethodInvocationHelper.java:133)
at org.testng.internal.TestInvoker.invokeMethod(TestInvoker.java:598)
at org.testng.internal.TestInvoker.invokeTestMethod(TestInvoker.java:173)
at org.testng.internal.MethodRunner.runInSequence(MethodRunner.java:46)
at org.testng.internal.TestInvoker$MethodInvocationAgent.invoke(TestInvoker.java:824)
at org.testng.internal.TestInvoker.invokeTestMethods(TestInvoker.java:146)
at org.testng.internal.TestMethodWorker.invokeTestMethods(TestMethodWorker.java:146)
at org.testng.internal.TestMethodWorker.run(TestMethodWorker.java:128)
at java.base/java.util.ArrayList.forEach(ArrayList.java:1511)
at org.testng.TestRunner.privateRun(TestRunner.java:794)
at org.testng.TestRunner.run(TestRunner.java:596)
at org.testng.SuiteRunner.runTest(SuiteRunner.java:377)
at org.testng.SuiteRunner.runSequentially(SuiteRunner.java:371)
at org.testng.SuiteRunner.privateRun(SuiteRunner.java:332)
at org.testng.SuiteRunner.run(SuiteRunner.java:276)
at org.testng.SuiteRunnerWorker.runSuite(SuiteRunnerWorker.java:53)
at org.testng.SuiteRunnerWorker.run(SuiteRunnerWorker.java:96)
at org.testng.TestNG.runSuitesSequentially(TestNG.java:1212)
at org.testng.TestNG.runSuitesLocally(TestNG.java:1134)
at org.testng.TestNG.runSuites(TestNG.java:1063)
at org.testng.TestNG.run(TestNG.java:1031)
at org.testng.remote.AbstractRemoteTestNG.run(AbstractRemoteTestNG.java:115)
at org.testng.remote.RemoteTestNG.initAndRun(RemoteTestNG.java:251)
at org.testng.remote.RemoteTestNG.main(RemoteTestNG.java:77)
]]>
    </error>
  </testcase> <!-- TC_09 -->
  <system-out/>
  <testcase classname="Nhu.DoiMatKhau.DoiMatKhauTest" name="TC_04" time="0.025"/>
  <system-out/>
  <testcase classname="Nhu.DoiMatKhau.DoiMatKhauTest" name="TC_02" time="0.029"/>
  <system-out/>
  <testcase classname="Nhu.DoiMatKhau.DoiMatKhauTest" name="TC_01" time="0.039"/>
  <system-out/>
  <testcase classname="Nhu.DoiMatKhau.DoiMatKhauTest" name="TC_06" time="0.392"/>
  <system-out/>
</testsuite> <!-- Nhu.DoiMatKhau.DoiMatKhauTest -->
