<?xml version="1.0" encoding="UTF-8"?>
<!-- Generated by org.testng.reporters.JUnitReportReporter -->
<testsuite hostname="DESKTOP-9I87QRH" failures="0" tests="8" name="Nhiem.SanPham.themCTSPTest" time="0.572" errors="0" timestamp="2024-04-07T17:49:51 ICT" skipped="0">
  <testcase classname="Nhiem.SanPham.themCTSPTest" name="TC_THEMCTSP_02" time="0.076"/>
  <system-out/>
  <testcase classname="Nhiem.SanPham.themCTSPTest" name="TC_THEMCTSP_03" time="0.035"/>
  <system-out/>
  <testcase classname="Nhiem.SanPham.themCTSPTest" name="TC_THEMCTSP_07" time="0.084"/>
  <system-out/>
  <testcase classname="Nhiem.SanPham.themCTSPTest" name="TC_THEMCTSP_06" time="0.057"/>
  <system-out/>
  <testcase classname="Nhiem.SanPham.themCTSPTest" name="TC_THEMCTSP_05" time="0.058"/>
  <system-out/>
  <testcase classname="Nhiem.SanPham.themCTSPTest" name="TC_THEMCTSP_04" time="0.057"/>
  <system-out/>
  <testcase classname="Nhiem.SanPham.themCTSPTest" name="TC_THEMCTSP_01" time="0.121"/>
  <system-out/>
  <testcase classname="Nhiem.SanPham.themCTSPTest" name="TC_THEMCTSP_08" time="0.084"/>
  <system-out/>
</testsuite> <!-- Nhiem.SanPham.themCTSPTest -->
