<?xml version="1.0" encoding="UTF-8"?>
<!-- Generated by org.testng.reporters.JUnitReportReporter -->
<testsuite hostname="DESKTOP-9I87QRH" failures="0" tests="1" name="Nhiem.ThuocTinh.xoaMauSacTest" time="0.056" errors="0" timestamp="2024-04-06T18:36:09 ICT" skipped="0">
  <testcase classname="Nhiem.ThuocTinh.xoaMauSacTest" name="TC_XMS_04" time="0.056"/>
  <system-out/>
</testsuite> <!-- Nhiem.ThuocTinh.xoaMauSacTest -->
