<?xml version="1.0" encoding="UTF-8"?>
<!-- Generated by org.testng.reporters.JUnitReportReporter -->
<testsuite hostname="DESKTOP-9I87QRH" failures="0" tests="11" name="Nguyen.NhapHang.taoMaNHTest" time="0.031" errors="0" timestamp="2024-04-07T17:49:51 ICT" skipped="0">
  <testcase classname="Nguyen.NhapHang.taoMaNHTest" name="TC_TAO_MA_DN_07" time="0.001"/>
  <system-out/>
  <testcase classname="Nguyen.NhapHang.taoMaNHTest" name="TC_TAO_MA_DN_05" time="0.001"/>
  <system-out/>
  <testcase classname="Nguyen.NhapHang.taoMaNHTest" name="TC_TAO_MA_DN_06" time="0.000"/>
  <system-out/>
  <testcase classname="Nguyen.NhapHang.taoMaNHTest" name="TC_TAO_MA_DN_09" time="0.001"/>
  <system-out/>
  <testcase classname="Nguyen.NhapHang.taoMaNHTest" name="TC_TAO_MA_DN_04" time="0.002"/>
  <system-out/>
  <testcase classname="Nguyen.NhapHang.taoMaNHTest" name="TC_TAO_MA_DN_11" time="0.001"/>
  <system-out/>
  <testcase classname="Nguyen.NhapHang.taoMaNHTest" name="TC_TAO_MA_DN_02" time="0.001"/>
  <system-out/>
  <testcase classname="Nguyen.NhapHang.taoMaNHTest" name="TC_TAO_MA_DN_08" time="0.001"/>
  <system-out/>
  <testcase classname="Nguyen.NhapHang.taoMaNHTest" name="TC_TAO_MA_DN_03" time="0.001"/>
  <system-out/>
  <testcase classname="Nguyen.NhapHang.taoMaNHTest" name="TC_TAO_MA_DN_01" time="0.021"/>
  <system-out/>
  <testcase classname="Nguyen.NhapHang.taoMaNHTest" name="TC_TAO_MA_DN_10" time="0.001"/>
  <system-out/>
</testsuite> <!-- Nguyen.NhapHang.taoMaNHTest -->
