<?xml version="1.0" encoding="UTF-8"?>
<!-- Generated by org.testng.reporters.JUnitReportReporter -->
<testsuite hostname="DESKTOP-9I87QRH" failures="0" tests="7" name="Nguyen.NhanVien.taoMaNVTest" time="0.004" errors="0" timestamp="2024-04-07T17:49:51 ICT" skipped="0">
  <testcase classname="Nguyen.NhanVien.taoMaNVTest" name="TC_TAO_MA_NV_03" time="0.000"/>
  <system-out/>
  <testcase classname="Nguyen.NhanVien.taoMaNVTest" name="TC_TAO_MA_NV_04" time="0.001"/>
  <system-out/>
  <testcase classname="Nguyen.NhanVien.taoMaNVTest" name="TC_TAO_MA_NV_01" time="0.001"/>
  <system-out/>
  <testcase classname="Nguyen.NhanVien.taoMaNVTest" name="TC_TAO_MA_NV_02" time="0.000"/>
  <system-out/>
  <testcase classname="Nguyen.NhanVien.taoMaNVTest" name="TC_TAO_MA_NV_06" time="0.001"/>
  <system-out/>
  <testcase classname="Nguyen.NhanVien.taoMaNVTest" name="TC_TAO_MA_NV_05" time="0.000"/>
  <system-out/>
  <testcase classname="Nguyen.NhanVien.taoMaNVTest" name="TC_TAO_MA_NV_07" time="0.001"/>
  <system-out/>
</testsuite> <!-- Nguyen.NhanVien.taoMaNVTest -->
