<?xml version="1.0" encoding="UTF-8"?>
<!-- Generated by org.testng.reporters.JUnitReportReporter -->
<testsuite hostname="DESKTOP-9I87QRH" failures="0" tests="3" name="Nhiem.ThongKe.xuatDanhSachTest" time="5.380" errors="0" timestamp="2024-04-06T22:54:29 ICT" skipped="0">
  <testcase classname="Nhiem.ThongKe.xuatDanhSachTest" name="testXuatDanhSachWithData" time="3.044"/>
  <system-out/>
  <testcase classname="Nhiem.ThongKe.xuatDanhSachTest" name="testXuLyKhiFileLaNull" time="1.023"/>
  <system-out/>
  <testcase classname="Nhiem.ThongKe.xuatDanhSachTest" name="testXuatDanhSachWithEmptyData" time="1.313"/>
  <system-out/>
</testsuite> <!-- Nhiem.ThongKe.xuatDanhSachTest -->
