<?xml version="1.0" encoding="UTF-8"?>
<!-- Generated by org.testng.reporters.JUnitReportReporter -->
<testsuite hostname="DESKTOP-9I87QRH" failures="0" tests="8" name="Nhu.KhachHang.ThemTest" time="0.067" errors="0" timestamp="2024-04-07T15:00:14 ICT" skipped="0">
  <testcase classname="Nhu.KhachHang.ThemTest" name="TC_THEM_03" time="0.001"/>
  <system-out/>
  <testcase classname="Nhu.KhachHang.ThemTest" name="TC_THEM_05" time="0.001"/>
  <system-out/>
  <testcase classname="Nhu.KhachHang.ThemTest" name="TC_THEM_08" time="0.001"/>
  <system-out/>
  <testcase classname="Nhu.KhachHang.ThemTest" name="TC_THEM_02" time="0.001"/>
  <system-out/>
  <testcase classname="Nhu.KhachHang.ThemTest" name="TC_THEM_01" time="0.059"/>
  <system-out/>
  <testcase classname="Nhu.KhachHang.ThemTest" name="TC_THEM_07" time="0.001"/>
  <system-out/>
  <testcase classname="Nhu.KhachHang.ThemTest" name="TC_THEM_06" time="0.002"/>
  <system-out/>
  <testcase classname="Nhu.KhachHang.ThemTest" name="TC_THEM_04" time="0.001"/>
  <system-out/>
</testsuite> <!-- Nhu.KhachHang.ThemTest -->
