<?xml version="1.0" encoding="UTF-8"?>
<!-- Generated by org.testng.reporters.JUnitReportReporter -->
<testsuite hostname="DESKTOP-9I87QRH" failures="0" tests="4" name="Nhiem.Encode.EncodeTest" time="1.863" errors="0" timestamp="2024-04-06T22:54:29 ICT" skipped="0">
  <testcase classname="Nhiem.Encode.EncodeTest" name="TC_HASH_01" time="0.346"/>
  <system-out/>
  <testcase classname="Nhiem.Encode.EncodeTest" name="TC_CHECK_02" time="0.699"/>
  <system-out/>
  <testcase classname="Nhiem.Encode.EncodeTest" name="TC_HASH_02" time="0.002"/>
  <system-out/>
  <testcase classname="Nhiem.Encode.EncodeTest" name="TC_CHECK_01" time="0.816"/>
  <system-out/>
</testsuite> <!-- Nhiem.Encode.EncodeTest -->
