<?xml version="1.0" encoding="UTF-8"?>
<!-- Generated by org.testng.reporters.JUnitReportReporter -->
<testsuite hostname="VoThiThaoNguyen" failures="0" tests="3" name="Nhiem.SanPham.themTest" time="0.120" errors="0" timestamp="2024-04-03T16:56:39 ICT" skipped="0">
  <testcase classname="Nhiem.SanPham.themTest" name="TC_THEM_02" time="0.030"/>
  <system-out/>
  <testcase classname="Nhiem.SanPham.themTest" name="TC_THEM_03" time="0.030"/>
  <system-out/>
  <testcase classname="Nhiem.SanPham.themTest" name="TC_THEM_01" time="0.060"/>
  <system-out/>
</testsuite> <!-- Nhiem.SanPham.themTest -->
