<?xml version="1.0" encoding="UTF-8"?>
<!-- Generated by org.testng.reporters.JUnitReportReporter -->
<testsuite hostname="DESKTOP-9I87QRH" failures="0" tests="4" name="Nhiem.ThuocTinh.xoaKichThuocTest" time="0.102" errors="0" timestamp="2024-04-07T17:49:51 ICT" skipped="0">
  <testcase classname="Nhiem.ThuocTinh.xoaKichThuocTest" name="TC_XKT_04" time="0.034"/>
  <system-out/>
  <testcase classname="Nhiem.ThuocTinh.xoaKichThuocTest" name="TC_XKT_03" time="0.000"/>
  <system-out/>
  <testcase classname="Nhiem.ThuocTinh.xoaKichThuocTest" name="TC_XKT_02" time="0.001"/>
  <system-out/>
  <testcase classname="Nhiem.ThuocTinh.xoaKichThuocTest" name="TC_XKT_01" time="0.067"/>
  <system-out/>
</testsuite> <!-- Nhiem.ThuocTinh.xoaKichThuocTest -->
