<?xml version="1.0" encoding="UTF-8"?>
<!-- Generated by org.testng.reporters.JUnitReportReporter -->
<testsuite hostname="DESKTOP-9I87QRH" failures="0" tests="11" name="Nhiem.SanPham.capNhapCTSPTest" time="1.111" errors="0" timestamp="2024-04-06T13:15:50 ICT" skipped="0">
  <testcase classname="Nhiem.SanPham.capNhapCTSPTest" name="TC_CAPNHATCTSP_15" time="0.093"/>
  <system-out/>
  <testcase classname="Nhiem.SanPham.capNhapCTSPTest" name="TC_CAPNHATCTSP_07" time="0.121"/>
  <system-out/>
  <testcase classname="Nhiem.SanPham.capNhapCTSPTest" name="TC_CAPNHATCTSP_13" time="0.131"/>
  <system-out/>
  <testcase classname="Nhiem.SanPham.capNhapCTSPTest" name="TC_CAPNHATCTSP_10" time="0.105"/>
  <system-out/>
  <testcase classname="Nhiem.SanPham.capNhapCTSPTest" name="TC_CAPNHATCTSP_05" time="0.044"/>
  <system-out/>
  <testcase classname="Nhiem.SanPham.capNhapCTSPTest" name="TC_CAPNHATCTSP_11" time="0.180"/>
  <system-out/>
  <testcase classname="Nhiem.SanPham.capNhapCTSPTest" name="TC_CAPNHATCTSP_12" time="0.110"/>
  <system-out/>
  <testcase classname="Nhiem.SanPham.capNhapCTSPTest" name="TC_CAPNHATCTSP_01" time="0.111"/>
  <system-out/>
  <testcase classname="Nhiem.SanPham.capNhapCTSPTest" name="TC_CAPNHATCTSP_04" time="0.003"/>
  <system-out/>
  <testcase classname="Nhiem.SanPham.capNhapCTSPTest" name="TC_CAPNHATCTSP_06" time="0.114"/>
  <system-out/>
  <testcase classname="Nhiem.SanPham.capNhapCTSPTest" name="TC_CAPNHATCTSP_08" time="0.099"/>
  <system-out/>
</testsuite> <!-- Nhiem.SanPham.capNhapCTSPTest -->
