<?xml version="1.0" encoding="UTF-8"?>
<!-- Generated by org.testng.reporters.JUnitReportReporter -->
<testsuite hostname="DESKTOP-9I87QRH" failures="0" tests="1" name="Nhiem.SanPham.themCTSPTest" time="0.118" errors="0" timestamp="2024-04-06T08:37:58 ICT" skipped="0">
  <testcase classname="Nhiem.SanPham.themCTSPTest" name="TC_THEMCTSP_08" time="0.118"/>
  <system-out/>
</testsuite> <!-- Nhiem.SanPham.themCTSPTest -->
