<?xml version="1.0" encoding="UTF-8"?>
<!-- Generated by org.testng.reporters.JUnitReportReporter -->
<testsuite hostname="DESKTOP-9I87QRH" failures="0" tests="1" name="Nguyen.LoaiGiay.taoMaLGTest" time="0.021" errors="0" timestamp="2024-04-07T13:48:27 ICT" skipped="0">
  <testcase classname="Nguyen.LoaiGiay.taoMaLGTest" name="TC_TAO_MA_LG_01" time="0.021"/>
  <system-out/>
</testsuite> <!-- Nguyen.LoaiGiay.taoMaLGTest -->
