<?xml version="1.0" encoding="UTF-8"?>
<!-- Generated by org.testng.reporters.JUnitReportReporter -->
<testsuite hostname="DESKTOP-9I87QRH" failures="0" tests="8" name="Nhiem.SanPham.themCTSPTest" time="0.760" errors="0" timestamp="2024-04-05T13:45:13 ICT" skipped="0">
  <testcase classname="Nhiem.SanPham.themCTSPTest" name="TC_THEMCTSP_08" time="0.124"/>
  <system-out/>
  <testcase classname="Nhiem.SanPham.themCTSPTest" name="TC_THEMCTSP_07" time="0.129"/>
  <system-out/>
  <testcase classname="Nhiem.SanPham.themCTSPTest" name="TC_THEMCTSP_01" time="0.103"/>
  <system-out/>
  <testcase classname="Nhiem.SanPham.themCTSPTest" name="TC_THEMCTSP_04" time="0.074"/>
  <system-out/>
  <testcase classname="Nhiem.SanPham.themCTSPTest" name="TC_THEMCTSP_05" time="0.081"/>
  <system-out/>
  <testcase classname="Nhiem.SanPham.themCTSPTest" name="TC_THEMCTSP_03" time="0.063"/>
  <system-out/>
  <testcase classname="Nhiem.SanPham.themCTSPTest" name="TC_THEMCTSP_02" time="0.094"/>
  <system-out/>
  <testcase classname="Nhiem.SanPham.themCTSPTest" name="TC_THEMCTSP_06" time="0.092"/>
  <system-out/>
</testsuite> <!-- Nhiem.SanPham.themCTSPTest -->
