<?xml version="1.0" encoding="UTF-8"?>
<!-- Generated by org.testng.reporters.JUnitReportReporter -->
<testsuite hostname="DESKTOP-9I87QRH" failures="0" tests="7" name="Nhu.Server.ChuyenDoiTest" time="0.013" errors="0" timestamp="2024-04-07T15:00:14 ICT" skipped="0">
  <testcase classname="Nhu.Server.ChuyenDoiTest" name="TC_CHUYENDOI_04" time="0.001"/>
  <system-out/>
  <testcase classname="Nhu.Server.ChuyenDoiTest" name="TC_CHUYENDOI_07" time="0.007"/>
  <system-out/>
  <testcase classname="Nhu.Server.ChuyenDoiTest" name="TC_CHUYENDOI_06" time="0.001"/>
  <system-out/>
  <testcase classname="Nhu.Server.ChuyenDoiTest" name="TC_CHUYENDOI_01" time="0.001"/>
  <system-out/>
  <testcase classname="Nhu.Server.ChuyenDoiTest" name="TC_CHUYENDOI_02" time="0.001"/>
  <system-out/>
  <testcase classname="Nhu.Server.ChuyenDoiTest" name="TC_CHUYENDOI_05" time="0.001"/>
  <system-out/>
  <testcase classname="Nhu.Server.ChuyenDoiTest" name="TC_CHUYENDOI_03" time="0.001"/>
  <system-out/>
</testsuite> <!-- Nhu.Server.ChuyenDoiTest -->
