<?xml version="1.0" encoding="UTF-8"?>
<!-- Generated by org.testng.reporters.JUnitReportReporter -->
<testsuite hostname="DESKTOP-9I87QRH" failures="0" tests="8" name="Nhu.KhachHang.CapNhatTest" time="0.056" errors="0" timestamp="2024-04-07T15:00:14 ICT" skipped="0">
  <testcase classname="Nhu.KhachHang.CapNhatTest" name="TC_CAPNHAT_04" time="0.001"/>
  <system-out/>
  <testcase classname="Nhu.KhachHang.CapNhatTest" name="TC_CAPNHAT_03" time="0.001"/>
  <system-out/>
  <testcase classname="Nhu.KhachHang.CapNhatTest" name="TC_CAPNHAT_01" time="0.046"/>
  <system-out/>
  <testcase classname="Nhu.KhachHang.CapNhatTest" name="TC_CAPNHAT_08" time="0.002"/>
  <system-out/>
  <testcase classname="Nhu.KhachHang.CapNhatTest" name="TC_CAPNHAT_05" time="0.001"/>
  <system-out/>
  <testcase classname="Nhu.KhachHang.CapNhatTest" name="TC_CAPNHAT_07" time="0.001"/>
  <system-out/>
  <testcase classname="Nhu.KhachHang.CapNhatTest" name="TC_CAPNHAT_02" time="0.001"/>
  <system-out/>
  <testcase classname="Nhu.KhachHang.CapNhatTest" name="TC_CAPNHAT_06" time="0.003"/>
  <system-out/>
</testsuite> <!-- Nhu.KhachHang.CapNhatTest -->
