<?xml version="1.0" encoding="UTF-8"?>
<!-- Generated by org.testng.reporters.JUnitReportReporter -->
<testsuite hostname="DESKTOP-9I87QRH" failures="0" tests="11" name="Nguyen.NhaCungCap.taoMaNCCTest" time="15.205" errors="0" timestamp="2024-04-07T15:34:15 ICT" skipped="0">
  <testcase classname="Nguyen.NhaCungCap.taoMaNCCTest" name="TC_TAO_MA_NV_01" time="0.001"/>
  <system-out/>
  <testcase classname="Nguyen.NhaCungCap.taoMaNCCTest" name="TC_TAO_MA_NCC_09" time="0.002"/>
  <system-out/>
  <testcase classname="Nguyen.NhaCungCap.taoMaNCCTest" name="TC_TAO_MA_NCC_02" time="0.002"/>
  <system-out/>
  <testcase classname="Nguyen.NhaCungCap.taoMaNCCTest" name="TC_TAO_MA_NCC_08" time="0.001"/>
  <system-out/>
  <testcase classname="Nguyen.NhaCungCap.taoMaNCCTest" name="TC_TAO_MA_NCC_11" time="0.017"/>
  <system-out/>
  <testcase classname="Nguyen.NhaCungCap.taoMaNCCTest" name="TC_TAO_MA_NCC_03" time="0.001"/>
  <system-out/>
  <testcase classname="Nguyen.NhaCungCap.taoMaNCCTest" name="TC_TAO_MA_NCC_10" time="15.165"/>
  <system-out/>
  <testcase classname="Nguyen.NhaCungCap.taoMaNCCTest" name="TC_TAO_MA_NCC_06" time="0.006"/>
  <system-out/>
  <testcase classname="Nguyen.NhaCungCap.taoMaNCCTest" name="TC_TAO_MA_NCC_05" time="0.001"/>
  <system-out/>
  <testcase classname="Nguyen.NhaCungCap.taoMaNCCTest" name="TC_TAO_MA_NCC_07" time="0.001"/>
  <system-out/>
  <testcase classname="Nguyen.NhaCungCap.taoMaNCCTest" name="TC_TAO_MA_NCC_04" time="0.008"/>
  <system-out/>
</testsuite> <!-- Nguyen.NhaCungCap.taoMaNCCTest -->
