<?xml version="1.0" encoding="UTF-8"?>
<!-- Generated by org.testng.reporters.JUnitReportReporter -->
<testsuite hostname="DESKTOP-9I87QRH" failures="0" tests="11" name="Nguyen.NhaCungCap.taoMaNCCTest" time="15.398" errors="0" timestamp="2024-04-07T17:49:51 ICT" skipped="0">
  <testcase classname="Nguyen.NhaCungCap.taoMaNCCTest" name="TC_TAO_MA_NCC_03" time="0.001"/>
  <system-out/>
  <testcase classname="Nguyen.NhaCungCap.taoMaNCCTest" name="TC_TAO_MA_NCC_02" time="0.001"/>
  <system-out/>
  <testcase classname="Nguyen.NhaCungCap.taoMaNCCTest" name="TC_TAO_MA_NCC_07" time="0.000"/>
  <system-out/>
  <testcase classname="Nguyen.NhaCungCap.taoMaNCCTest" name="TC_TAO_MA_NCC_08" time="0.000"/>
  <system-out/>
  <testcase classname="Nguyen.NhaCungCap.taoMaNCCTest" name="TC_TAO_MA_NCC_05" time="0.000"/>
  <system-out/>
  <testcase classname="Nguyen.NhaCungCap.taoMaNCCTest" name="TC_TAO_MA_NV_01" time="0.001"/>
  <system-out/>
  <testcase classname="Nguyen.NhaCungCap.taoMaNCCTest" name="TC_TAO_MA_NCC_06" time="0.000"/>
  <system-out/>
  <testcase classname="Nguyen.NhaCungCap.taoMaNCCTest" name="TC_TAO_MA_NCC_11" time="0.021"/>
  <system-out/>
  <testcase classname="Nguyen.NhaCungCap.taoMaNCCTest" name="TC_TAO_MA_NCC_04" time="0.000"/>
  <system-out/>
  <testcase classname="Nguyen.NhaCungCap.taoMaNCCTest" name="TC_TAO_MA_NCC_09" time="0.001"/>
  <system-out/>
  <testcase classname="Nguyen.NhaCungCap.taoMaNCCTest" name="TC_TAO_MA_NCC_10" time="15.373"/>
  <system-out/>
</testsuite> <!-- Nguyen.NhaCungCap.taoMaNCCTest -->
