<?xml version="1.0" encoding="UTF-8"?>
<!-- Generated by org.testng.reporters.JUnitReportReporter -->
<testsuite hostname="DESKTOP-9I87QRH" failures="0" tests="1" name="Nhiem.ThuocTinh.themMauSacTest" time="0.170" errors="0" timestamp="2024-04-06T17:26:08 ICT" skipped="0">
  <testcase classname="Nhiem.ThuocTinh.themMauSacTest" name="TC_TMS_04" time="0.170"/>
  <system-out/>
</testsuite> <!-- Nhiem.ThuocTinh.themMauSacTest -->
