<?xml version="1.0" encoding="UTF-8"?>
<!-- Generated by org.testng.reporters.JUnitReportReporter -->
<testsuite hostname="DESKTOP-9I87QRH" failures="0" tests="3" name="Nhiem.ThongKe.xuatDanhSachTest" time="9.582" errors="0" timestamp="2024-04-07T17:49:50 ICT" skipped="0">
  <testcase classname="Nhiem.ThongKe.xuatDanhSachTest" name="testXuatDanhSachWithEmptyData" time="0.795"/>
  <system-out/>
  <testcase classname="Nhiem.ThongKe.xuatDanhSachTest" name="testXuLyKhiFileLaNull" time="0.789"/>
  <system-out/>
  <testcase classname="Nhiem.ThongKe.xuatDanhSachTest" name="testXuatDanhSachWithData" time="7.998"/>
  <system-out/>
</testsuite> <!-- Nhiem.ThongKe.xuatDanhSachTest -->
