<?xml version="1.0" encoding="UTF-8"?>
<!-- Generated by org.testng.reporters.JUnitReportReporter -->
<testsuite hostname="DESKTOP-9I87QRH" failures="0" tests="3" name="mainTest.TestFile" time="4.630" errors="0" timestamp="2024-04-13T21:00:31 ICT" skipped="0">
  <testcase classname="mainTest.TestFile" name="launchWebsite" time="1.355"/>
  <system-out/>
  <testcase classname="mainTest.TestFile" name="enterLoginInfo" time="1.199"/>
  <system-out/>
  <testcase classname="mainTest.TestFile" name="performLogin" time="2.076"/>
  <system-out/>
</testsuite> <!-- mainTest.TestFile -->
