<?xml version="1.0" encoding="UTF-8"?>
<!-- Generated by org.testng.reporters.JUnitReportReporter -->
<testsuite hostname="DESKTOP-9I87QRH" failures="0" tests="3" name="mainTest.SaveTestNGResultToExcel" time="4.074" errors="0" timestamp="2024-04-13T20:47:37 ICT" skipped="0">
  <testcase classname="mainTest.SaveTestNGResultToExcel" name="LaunchWebsite" time="0.782"/>
  <system-out/>
  <testcase classname="mainTest.SaveTestNGResultToExcel" name="nhapThongTinDangNhap" time="1.192"/>
  <system-out/>
  <testcase classname="mainTest.SaveTestNGResultToExcel" name="DoLogin" time="2.100"/>
  <system-out/>
</testsuite> <!-- mainTest.SaveTestNGResultToExcel -->
